WebSocket server settings:
  - Listen on :9500
  - Flash security policy server
  - No SSL/TLS support (no cert file)
  - Backgrounding (daemon)
  - proxying from :9500 to targets generated by ReadOnlyTokenFile
handler exception: [Errno 2] No such file or directory: './token/'
WebSocket server settings:
  - Listen on :9500
  - Flash security policy server
  - No SSL/TLS support (no cert file)
  - Backgrounding (daemon)
In exit
WebSocket server settings:
  - Listen on :9500
  - Flash security policy server
  - No SSL/TLS support (no cert file)
  - Backgrounding (daemon)
  - proxying from :9500 to targets generated by ReadOnlyTokenFile
In exit
WebSocket server settings:
  - Listen on :9500
  - Flash security policy server
  - No SSL/TLS support (no cert file)
  - Backgrounding (daemon)
  - proxying from :9500 to targets generated by ReadOnlyTokenFile
localhost - - [13/Jan/2016 06:49:44] 127.0.0.1: Plain non-SSL (ws://) WebSocket connection
localhost - - [13/Jan/2016 06:49:44] 127.0.0.1: Version hybi-13, base64: 'False'
localhost - - [13/Jan/2016 06:49:44] 127.0.0.1: Path: '/websockify?token=mat0ken'
localhost - - [13/Jan/2016 06:49:44] connecting to: 192.168.56.102:5900
localhost - - [13/Jan/2016 06:52:46] 127.0.0.1: Plain non-SSL (ws://) WebSocket connection
localhost - - [13/Jan/2016 06:52:46] 127.0.0.1: Version hybi-13, base64: 'False'
localhost - - [13/Jan/2016 06:52:46] 127.0.0.1: Path: '/websockify?token=mat0ken'
localhost - - [13/Jan/2016 06:52:46] connecting to: 192.168.56.102:5900
127.0.0.1: Token 'wront' not found
127.0.0.1: Token not present
In exit
WebSocket server settings:
  - Listen on :9500
  - Flash security policy server
  - No SSL/TLS support (no cert file)
  - proxying from :9500 to targets generated by ReadOnlyTokenFile
In exit
WebSocket server settings:
  - Listen on :9500
  - Flash security policy server
  - No SSL/TLS support (no cert file)
  - proxying from :9500 to targets generated by ReadOnlyTokenFile
handler exception: [Errno 2] No such file or directory: '/var/wwn/onlinux/onlinux-daemon/tokenasd/'
In exit
WebSocket server settings:
  - Listen on :9500
  - Flash security policy server
  - No SSL/TLS support (no cert file)
  - proxying from :9500 to targets generated by ReadOnlyTokenFile
In exit
WebSocket server settings:
  - Listen on :9500
  - Flash security policy server
  - No SSL/TLS support (no cert file)
  - proxying from :9500 to targets generated by ReadOnlyTokenFile
handler exception: [Errno 2] No such file or directory: '/var/wwn/onlinux/onlinux-daemon/tokenasd/'
In exit
WebSocket server settings:
  - Listen on :9500
  - Flash security policy server
  - No SSL/TLS support (no cert file)
  - proxying from :9500 to targets generated by ReadOnlyTokenFile
In exit
WebSocket server settings:
  - Listen on :9500
  - Flash security policy server
  - No SSL/TLS support (no cert file)
  - proxying from :9500 to targets generated by ReadOnlyTokenFile
handler exception: [Errno 2] No such file or directory: '/var/wwn/onlinux/onlinux-daemon/tokensas/'
In exit
WebSocket server settings:
  - Listen on :9500
  - Flash security policy server
  - No SSL/TLS support (no cert file)
  - proxying from :9500 to targets generated by ReadOnlyTokenFile
handler exception: [Errno 2] No such file or directory: '/var/wwn/onlinux/onlinux-daemon/tokensas/'
In exit
WebSocket server settings:
  - Listen on :9500
  - Flash security policy server
  - No SSL/TLS support (no cert file)
  - proxying from :9500 to targets generated by ReadOnlyTokenFile
handler exception: [Errno 2] No such file or directory: '/var/wwn/onlinux/onlinux-daemon/tokensas/'
In exit
WebSocket server settings:
  - Listen on :9500
  - Flash security policy server
  - No SSL/TLS support (no cert file)
  - proxying from :9500 to targets generated by ReadOnlyTokenFile
localhost - - [13/Jan/2016 07:27:11] 127.0.0.1: Plain non-SSL (ws://) WebSocket connection
localhost - - [13/Jan/2016 07:27:11] 127.0.0.1: Version hybi-13, base64: 'False'
localhost - - [13/Jan/2016 07:27:11] 127.0.0.1: Path: '/websockify?token=mat0ken'
localhost - - [13/Jan/2016 07:27:11] connecting to: 192.168.56.102:5900
In exit
WebSocket server settings:
  - Listen on :9500
  - Flash security policy server
  - No SSL/TLS support (no cert file)
  - proxying from :9500 to targets generated by ReadOnlyTokenFile
In exit
WebSocket server settings:
  - Listen on :9500
  - Flash security policy server
  - No SSL/TLS support (no cert file)
  - proxying from :9500 to targets generated by ReadOnlyTokenFile
WebSocket server settings:
  - Listen on :9500
  - Flash security policy server
  - No SSL/TLS support (no cert file)
In exit
WebSocket server settings:
  - Listen on :9500
  - Flash security policy server
  - No SSL/TLS support (no cert file)
  - proxying from :9500 to targets generated by ReadOnlyTokenFile
In exit
WebSocket server settings:
  - Listen on :9500
  - Flash security policy server
  - No SSL/TLS support (no cert file)
  - proxying from :9500 to targets generated by ReadOnlyTokenFile
In exit
WebSocket server settings:
  - Listen on :9500
  - Flash security policy server
  - No SSL/TLS support (no cert file)
  - proxying from :9500 to targets generated by ReadOnlyTokenFile
In exit
WebSocket server settings:
  - Listen on :9500
  - Flash security policy server
  - No SSL/TLS support (no cert file)
  - proxying from :9500 to targets generated by ReadOnlyTokenFile
In exit
WebSocket server settings:
  - Listen on :9500
  - Flash security policy server
  - No SSL/TLS support (no cert file)
  - proxying from :9500 to targets generated by ReadOnlyTokenFile
In exit
WebSocket server settings:
  - Listen on :9500
  - Flash security policy server
  - No SSL/TLS support (no cert file)
  - proxying from :9500 to targets generated by ReadOnlyTokenFile
WebSocket server settings:
  - Listen on :9500
  - Flash security policy server
  - No SSL/TLS support (no cert file)
In exit
WebSocket server settings:
  - Listen on :9500
  - Flash security policy server
  - No SSL/TLS support (no cert file)
  - proxying from :9500 to targets generated by ReadOnlyTokenFile
WebSocket server settings:
  - Listen on :9500
  - Flash security policy server
  - No SSL/TLS support (no cert file)
In exit
WebSocket server settings:
  - Listen on :9500
  - Flash security policy server
  - No SSL/TLS support (no cert file)
  - proxying from :9500 to targets generated by ReadOnlyTokenFile
In exit
WebSocket server settings:
  - Listen on :9500
  - Flash security policy server
  - No SSL/TLS support (no cert file)
  - proxying from :9500 to targets generated by ReadOnlyTokenFile
WebSocket server settings:
  - Listen on :9500
  - Flash security policy server
  - No SSL/TLS support (no cert file)
In exit
WebSocket server settings:
  - Listen on :9500
  - Flash security policy server
  - No SSL/TLS support (no cert file)
  - proxying from :9500 to targets generated by ReadOnlyTokenFile
In exit
WebSocket server settings:
  - Listen on :9500
  - Flash security policy server
  - No SSL/TLS support (no cert file)
  - proxying from :9500 to targets generated by ReadOnlyTokenFile
In exit
WebSocket server settings:
  - Listen on :9500
  - Flash security policy server
  - No SSL/TLS support (no cert file)
  - proxying from :9500 to targets generated by ReadOnlyTokenFile
In exit
WebSocket server settings:
  - Listen on :9500
  - Flash security policy server
  - No SSL/TLS support (no cert file)
  - proxying from :9500 to targets generated by ReadOnlyTokenFile
In exit
WebSocket server settings:
  - Listen on :9500
  - Flash security policy server
  - No SSL/TLS support (no cert file)
  - proxying from :9500 to targets generated by ReadOnlyTokenFile
In exit
WebSocket server settings:
  - Listen on :9500
  - Flash security policy server
  - No SSL/TLS support (no cert file)
  - proxying from :9500 to targets generated by ReadOnlyTokenFile
In exit
WebSocket server settings:
  - Listen on :9500
  - Flash security policy server
  - No SSL/TLS support (no cert file)
  - proxying from :9500 to targets generated by ReadOnlyTokenFile
WebSocket server settings:
  - Listen on :9500
  - Flash security policy server
  - No SSL/TLS support (no cert file)
In exit
WebSocket server settings:
  - Listen on :9500
  - Flash security policy server
  - No SSL/TLS support (no cert file)
  - proxying from :9500 to targets generated by ReadOnlyTokenFile
In exit
WebSocket server settings:
  - Listen on :9500
  - Flash security policy server
  - No SSL/TLS support (no cert file)
  - proxying from :9500 to targets generated by ReadOnlyTokenFile
In exit
WebSocket server settings:
  - Listen on :9500
  - Flash security policy server
  - No SSL/TLS support (no cert file)
  - proxying from :9500 to targets generated by ReadOnlyTokenFile
In exit
WebSocket server settings:
  - Listen on :9500
  - Flash security policy server
  - No SSL/TLS support (no cert file)
  - proxying from :9500 to targets generated by ReadOnlyTokenFile
WebSocket server settings:
  - Listen on :9500
  - Flash security policy server
  - No SSL/TLS support (no cert file)
In exit
WebSocket server settings:
  - Listen on :9500
  - Flash security policy server
  - No SSL/TLS support (no cert file)
  - proxying from :9500 to targets generated by ReadOnlyTokenFile
In exit
WebSocket server settings:
  - Listen on :9500
  - Flash security policy server
  - No SSL/TLS support (no cert file)
  - proxying from :9500 to targets generated by ReadOnlyTokenFile
In exit
WebSocket server settings:
  - Listen on :9500
  - Flash security policy server
  - No SSL/TLS support (no cert file)
  - proxying from :9500 to targets generated by ReadOnlyTokenFile
In exit
WebSocket server settings:
  - Listen on :9500
  - Flash security policy server
  - No SSL/TLS support (no cert file)
  - proxying from :9500 to targets generated by ReadOnlyTokenFile
In exit
WebSocket server settings:
  - Listen on :9500
  - Flash security policy server
  - No SSL/TLS support (no cert file)
  - proxying from :9500 to targets generated by ReadOnlyTokenFile
In exit
WebSocket server settings:
  - Listen on :9500
  - Flash security policy server
  - No SSL/TLS support (no cert file)
  - proxying from :9500 to targets generated by ReadOnlyTokenFile
In exit
WebSocket server settings:
  - Listen on :9500
  - Flash security policy server
  - No SSL/TLS support (no cert file)
  - proxying from :9500 to targets generated by ReadOnlyTokenFile
In exit
WebSocket server settings:
  - Listen on :9500
  - Flash security policy server
  - No SSL/TLS support (no cert file)
  - proxying from :9500 to targets generated by ReadOnlyTokenFile
In exit
WebSocket server settings:
  - Listen on :9500
  - Flash security policy server
  - No SSL/TLS support (no cert file)
  - proxying from :9500 to targets generated by ReadOnlyTokenFile
WebSocket server settings:
  - Listen on :9500
  - Flash security policy server
  - No SSL/TLS support (no cert file)
  - proxying from :9500 to targets generated by ReadOnlyTokenFile
In exit
WebSocket server settings:
  - Listen on :9500
  - Flash security policy server
  - No SSL/TLS support (no cert file)
  - proxying from :9500 to targets generated by ReadOnlyTokenFile
In exit
